<?xml version="1.0" encoding="UTF-8"?>
<!-- Generated by org.testng.reporters.JUnitReportReporter -->
<testsuite hostname="GANGADHAR" failures="0" tests="5" name="DDtestng.DDtests" time="76.833" errors="0" timestamp="2021-12-19T10:49:04 GST" skipped="0">
  <testcase classname="DDtestng.DDtests" name="FacebookLogin" time="12.871"/>
  <system-out/>
  <testcase classname="DDtestng.DDtests" name="FacebookLogout" time="19.982"/>
  <system-out/>
  <testcase classname="DDtestng.DDtests" name="Account" time="12.473"/>
  <system-out/>
  <testcase classname="DDtestng.DDtests" name="search" time="17.139"/>
  <system-out/>
  <testcase classname="DDtestng.DDtests" name="Help" time="14.368"/>
  <system-out/>
</testsuite> <!-- DDtestng.DDtests -->
