<?xml version="1.0" encoding="UTF-8"?>
<!-- Generated by org.testng.reporters.JUnitReportReporter -->
<testsuite hostname="GANGADHAR" failures="0" tests="1" name="DDtestng.Test2" time="0.003" errors="0" timestamp="2021-12-18T19:23:00 GST" skipped="0">
  <testcase classname="DDtestng.Test2" name="driveCar" time="0.003"/>
  <system-out/>
</testsuite> <!-- DDtestng.Test2 -->
