<?xml version="1.0" encoding="UTF-8"?>
<!-- Generated by org.testng.reporters.JUnitReportReporter -->
<testsuite hostname="GANGADHAR" failures="0" tests="3" name="DDtestng.Test5" time="56.055" errors="0" timestamp="2021-12-19T10:38:07 GST" skipped="0">
  <testcase classname="DDtestng.Test5" name="FacebookLogin" time="18.510"/>
  <system-out/>
  <testcase classname="DDtestng.Test5" name="FacebookLogout" time="23.372"/>
  <system-out/>
  <testcase classname="DDtestng.Test5" name="Account" time="14.173"/>
  <system-out/>
</testsuite> <!-- DDtestng.Test5 -->
