<?xml version="1.0" encoding="UTF-8"?>
<!-- Generated by org.testng.reporters.JUnitReportReporter -->
<testsuite hostname="GANGADHAR" failures="0" tests="3" name="DDtestng.DDTests1" time="47.431" errors="0" timestamp="2021-12-19T15:25:52 GST" skipped="0">
  <testcase classname="DDtestng.DDTests1" name="Account" time="20.678"/>
  <system-out/>
  <testcase classname="DDtestng.DDTests1" name="OrderHistory" time="12.217"/>
  <system-out/>
  <testcase classname="DDtestng.DDTests1" name="Favourites" time="14.536"/>
  <system-out/>
</testsuite> <!-- DDtestng.DDTests1 -->
