<?xml version="1.0" encoding="UTF-8"?>
<!-- Generated by org.testng.reporters.JUnitReportReporter -->
<testsuite hostname="GANGADHAR" failures="0" tests="1" name="DDtestng.Test3" time="0.010" errors="0" timestamp="2021-12-19T15:17:12 GST" skipped="0">
  <testcase classname="DDtestng.Test3" name="Busroute" time="0.010"/>
  <system-out/>
</testsuite> <!-- DDtestng.Test3 -->
