<?xml version="1.0" encoding="UTF-8"?>
<!-- Generated by org.testng.reporters.JUnitReportReporter -->
<testsuite hostname="GANGADHAR" failures="0" tests="1" name="DDtestng.screenshotTest" time="10.168" errors="0" timestamp="2021-12-21T11:50:13 GST" skipped="0">
  <testcase classname="DDtestng.screenshotTest" name="testDDtestng" time="10.168"/>
  <system-out/>
</testsuite> <!-- DDtestng.screenshotTest -->
